0 info it worked if it ends with ok
1 verbose cli [ '/Users/nate/.nvm/v0.10.32/bin/node',
1 verbose cli   '/Users/nate/.nvm/v0.10.32/bin/npm',
1 verbose cli   'run',
1 verbose cli   'test:accessibility' ]
2 info using npm@1.4.28
3 info using node@v0.10.32
4 verbose run-script [ 'pretest:accessibility',
4 verbose run-script   'test:accessibility',
4 verbose run-script   'posttest:accessibility' ]
5 info pretest:accessibility capacitor@1.0.0
6 info test:accessibility capacitor@1.0.0
7 verbose unsafe-perm in lifecycle true
8 info capacitor@1.0.0 Failed to exec test:accessibility script
9 error capacitor@1.0.0 test:accessibility: `pa11y http://nate.local:3000`
9 error Exit status 255
10 error Failed at the capacitor@1.0.0 test:accessibility script.
10 error This is most likely a problem with the capacitor package,
10 error not with npm itself.
10 error Tell the author that this fails on your system:
10 error     pa11y http://nate.local:3000
10 error You can get their info via:
10 error     npm owner ls capacitor
10 error There is likely additional logging output above.
11 error System Darwin 13.4.0
12 error command "/Users/nate/.nvm/v0.10.32/bin/node" "/Users/nate/.nvm/v0.10.32/bin/npm" "run" "test:accessibility"
13 error cwd /Users/nate/Development/projects/capacitor
14 error node -v v0.10.32
15 error npm -v 1.4.28
16 error code ELIFECYCLE
17 verbose exit [ 1, true ]
